select plantilla0_.id_plantilla as id_plantilla1_1_0_, plantilla0_.nombre as nombre2_1_0_ from SGP_DEF_PLANTILLAS plantilla0_ where plantilla0_.id_plantilla=1.0;
select max(plantillaa0_.ID_INTERNO) as col_0_0_ from SGP_DEF_REL_PLANT_ARQUET plantillaa0_;
;
insert into SGP_DEF_ARQUETIPOS (NOMBRE, ID_ARQUETIPO) values ('ghxf', 54396.0);
;
insert into SGP_DEF_REL_PLANT_ARQUET (ID_INTERNO, ID_ARQUETIPO, ID_PLANTILLA) values (4.0, 54396.0, 1.0);
;
select max(plantillaa0_.ID_INTERNO) as col_0_0_ from SGP_DEF_REL_PLANT_ARQUET plantillaa0_;
;
insert into SGP_DEF_ARQUETIPOS (NOMBRE, ID_ARQUETIPO) values ('ghxf', 54396.0);
;
select plantilla0_.id_plantilla as id_plantilla1_1_0_, plantilla0_.nombre as nombre2_1_0_ from SGP_DEF_PLANTILLAS plantilla0_ where plantilla0_.id_plantilla=1.0;
insert into SGP_DEF_PLANTILLAS (nombre, id_plantilla) values ('Prueba', 1.0);
;
select plantilla0_.id_plantilla as id_plantilla1_1_0_, plantilla0_.nombre as nombre2_1_0_ from SGP_DEF_PLANTILLAS plantilla0_ where plantilla0_.id_plantilla=1.0;
select plantilla0_.id_plantilla as id_plantilla1_1_0_, plantilla0_.nombre as nombre2_1_0_ from SGP_DEF_PLANTILLAS plantilla0_ where plantilla0_.id_plantilla=1.0;
select max(plantillaa0_.ID_INTERNO) as col_0_0_ from SGP_DEF_REL_PLANT_ARQUET plantillaa0_;
select max(plantillaa0_.ID_INTERNO) as col_0_0_ from SGP_DEF_REL_PLANT_ARQUET plantillaa0_;
select max(plantillaa0_.ID_INTERNO) as col_0_0_ from SGP_DEF_REL_PLANT_ARQUET plantillaa0_;
select max(plantillaa0_.ID_INTERNO) as col_0_0_ from SGP_DEF_REL_PLANT_ARQUET plantillaa0_;
;
insert into SGP_DEF_ARQUETIPOS (NOMBRE, ID_ARQUETIPO) values ('Pruerba Arquetipo', 32.0);
;
insert into SGP_DEF_REL_PLANT_ARQUET (ID_INTERNO, ID_ARQUETIPO, ID_PLANTILLA) values (2.0, 32.0, 1.0);
;
select plantilla0_.id_plantilla as id_plantilla1_1_0_, plantilla0_.nombre as nombre2_1_0_ from SGP_DEF_PLANTILLAS plantilla0_ where plantilla0_.id_plantilla=1.0;
select max(plantillaa0_.ID_INTERNO) as col_0_0_ from SGP_DEF_REL_PLANT_ARQUET plantillaa0_;
;
insert into SGP_DEF_ARQUETIPOS (NOMBRE, ID_ARQUETIPO) values ('tres', 54.0);
;
insert into SGP_DEF_REL_PLANT_ARQUET (ID_INTERNO, ID_ARQUETIPO, ID_PLANTILLA) values (3.0, 54.0, 1.0);
;
select plantilla0_.id_plantilla as id_plantilla1_1_0_, plantilla0_.nombre as nombre2_1_0_ from SGP_DEF_PLANTILLAS plantilla0_ where plantilla0_.id_plantilla=1.0;
select max(plantillaa0_.ID_INTERNO) as col_0_0_ from SGP_DEF_REL_PLANT_ARQUET plantillaa0_;
;
insert into SGP_DEF_ARQUETIPOS (NOMBRE, ID_ARQUETIPO) values ('asd', 12.0);
;
insert into SGP_DEF_REL_PLANT_ARQUET (ID_INTERNO, ID_ARQUETIPO, ID_PLANTILLA) values (4.0, 12.0, 1.0);
;
select plantillaa0_.ID_ARQUETIPO as id_arquetipo2_2_0_, plantillaa0_.ID_PLANTILLA as id_plantilla3_2_0_, plantillaa0_.ID_INTERNO as id_interno1_2_0_ from SGP_DEF_REL_PLANT_ARQUET plantillaa0_ where plantillaa0_.ID_ARQUETIPO=1.0 and plantillaa0_.ID_PLANTILLA=0.0;
select plantillaa0_.ID_ARQUETIPO as id_arquetipo2_2_0_, plantillaa0_.ID_PLANTILLA as id_plantilla3_2_0_, plantillaa0_.ID_INTERNO as id_interno1_2_0_ from SGP_DEF_REL_PLANT_ARQUET plantillaa0_ where plantillaa0_.ID_ARQUETIPO=2.0 and plantillaa0_.ID_PLANTILLA=0.0;
select plantilla0_.id_plantilla as id_plantilla1_1_0_, plantilla0_.nombre as nombre2_1_0_ from SGP_DEF_PLANTILLAS plantilla0_ where plantilla0_.id_plantilla=1.0;
select plantilla0_.id_plantilla as id_plantilla1_1_0_, plantilla0_.nombre as nombre2_1_0_ from SGP_DEF_PLANTILLAS plantilla0_ where plantilla0_.id_plantilla=2.0;
select plantilla0_.id_plantilla as id_plantilla1_1_0_, plantilla0_.nombre as nombre2_1_0_ from SGP_DEF_PLANTILLAS plantilla0_ where plantilla0_.id_plantilla=423.0;
select plantilla0_.id_plantilla as id_plantilla1_1_0_, plantilla0_.nombre as nombre2_1_0_ from SGP_DEF_PLANTILLAS plantilla0_ where plantilla0_.id_plantilla=14.0;
select plantilla0_.id_plantilla as id_plantilla1_1_0_, plantilla0_.nombre as nombre2_1_0_ from SGP_DEF_PLANTILLAS plantilla0_ where plantilla0_.id_plantilla=1.0;
